# JRE version: OpenJDK Runtime Environment (8.0_242-b01) (build 1.8.0_242-release-1644-b01)
# Java VM: OpenJDK 64-Bit Server VM (25.242-b01 mixed mode windows-amd64 compressed oops)
Heap:
 PSYoungGen      total 558592K, used 449634K [0x00000000d5580000, 0x00000000ff500000, 0x0000000100000000)
  eden space 433664K, 100% used [0x00000000d5580000,0x00000000efd00000,0x00000000efd00000)
  from space 124928K, 12% used [0x00000000f7b00000,0x00000000f8a98a00,0x00000000ff500000)
  to   space 126976K, 77% used [0x00000000efd00000,0x00000000f5cc61e8,0x00000000f7900000)
 ParOldGen       total 419328K, used 334557K [0x0000000080000000, 0x0000000099980000, 0x00000000d5580000)
  object space 419328K, 79% used [0x0000000080000000,0x00000000946b76a8,0x0000000099980000)
 Metaspace       used 125403K, capacity 135232K, committed 135384K, reserved 1167360K
  class space    used 15663K, capacity 17307K, committed 17408K, reserved 1048576K
GC Heap History (10 events):
Event: 25985.449 GC heap after
Heap after GC invocations=71 (full 5):
 PSYoungGen      total 551424K, used 19277K [0x00000000d5580000, 0x00000000ff900000, 0x0000000100000000)
  eden space 409088K, 0% used [0x00000000d5580000,0x00000000d5580000,0x00000000ee500000)
  from space 142336K, 13% used [0x00000000f6e00000,0x00000000f80d36f8,0x00000000ff900000)
  to   space 140288K, 0% used [0x00000000ee500000,0x00000000ee500000,0x00000000f6e00000)
 ParOldGen       total 419328K, used 294790K [0x0000000080000000, 0x0000000099980000, 0x00000000d5580000)
  object space 419328K, 70% used [0x0000000080000000,0x0000000091fe1a98,0x0000000099980000)
 Metaspace       used 125221K, capacity 135054K, committed 135384K, reserved 1167360K
  class space    used 15652K, capacity 17298K, committed 17408K, reserved 1048576K
}
Event: 25985.795 GC heap before
{Heap before GC invocations=72 (full 5):
 PSYoungGen      total 551424K, used 428365K [0x00000000d5580000, 0x00000000ff900000, 0x0000000100000000)
  eden space 409088K, 100% used [0x00000000d5580000,0x00000000ee500000,0x00000000ee500000)
  from space 142336K, 13% used [0x00000000f6e00000,0x00000000f80d36f8,0x00000000ff900000)
  to   space 140288K, 0% used [0x00000000ee500000,0x00000000ee500000,0x00000000f6e00000)
 ParOldGen       total 419328K, used 294790K [0x0000000080000000, 0x0000000099980000, 0x00000000d5580000)
  object space 419328K, 70% used [0x0000000080000000,0x0000000091fe1a98,0x0000000099980000)
 Metaspace       used 125234K, capacity 135058K, committed 135384K, reserved 1167360K
  class space    used 15652K, capacity 17298K, committed 17408K, reserved 1048576K
Event: 25985.838 GC heap after
Heap after GC invocations=72 (full 5):
 PSYoungGen      total 549376K, used 15748K [0x00000000d5580000, 0x00000000ff900000, 0x0000000100000000)
  eden space 409088K, 0% used [0x00000000d5580000,0x00000000d5580000,0x00000000ee500000)
  from space 140288K, 11% used [0x00000000ee500000,0x00000000ef461350,0x00000000f6e00000)
  to   space 137728K, 0% used [0x00000000f7280000,0x00000000f7280000,0x00000000ff900000)
 ParOldGen       total 419328K, used 301801K [0x0000000080000000, 0x0000000099980000, 0x00000000d5580000)
  object space 419328K, 71% used [0x0000000080000000,0x00000000926ba640,0x0000000099980000)
 Metaspace       used 125234K, capacity 135058K, committed 135384K, reserved 1167360K
  class space    used 15652K, capacity 17298K, committed 17408K, reserved 1048576K
}
Event: 25986.419 GC heap before
{Heap before GC invocations=73 (full 5):
 PSYoungGen      total 549376K, used 424836K [0x00000000d5580000, 0x00000000ff900000, 0x0000000100000000)
  eden space 409088K, 100% used [0x00000000d5580000,0x00000000ee500000,0x00000000ee500000)
  from space 140288K, 11% used [0x00000000ee500000,0x00000000ef461350,0x00000000f6e00000)
  to   space 137728K, 0% used [0x00000000f7280000,0x00000000f7280000,0x00000000ff900000)
 ParOldGen       total 419328K, used 301801K [0x0000000080000000, 0x0000000099980000, 0x00000000d5580000)
  object space 419328K, 71% used [0x0000000080000000,0x00000000926ba640,0x0000000099980000)
 Metaspace       used 125241K, capacity 135058K, committed 135384K, reserved 1167360K
  class space    used 15652K, capacity 17298K, committed 17408K, reserved 1048576K
Event: 25986.460 GC heap after
Heap after GC invocations=73 (full 5):
 PSYoungGen      total 554496K, used 18694K [0x00000000d5580000, 0x00000000ff580000, 0x0000000100000000)
  eden space 420352K, 0% used [0x00000000d5580000,0x00000000d5580000,0x00000000ef000000)
  from space 134144K, 13% used [0x00000000f7280000,0x00000000f84c1a08,0x00000000ff580000)
  to   space 133632K, 0% used [0x00000000ef000000,0x00000000ef000000,0x00000000f7280000)
 ParOldGen       total 419328K, used 308758K [0x0000000080000000, 0x0000000099980000, 0x00000000d5580000)
  object space 419328K, 73% used [0x0000000080000000,0x0000000092d858a8,0x0000000099980000)
 Metaspace       used 125241K, capacity 135058K, committed 135384K, reserved 1167360K
  class space    used 15652K, capacity 17298K, committed 17408K, reserved 1048576K
}
Event: 25987.375 GC heap before
{Heap before GC invocations=74 (full 5):
 PSYoungGen      total 554496K, used 439046K [0x00000000d5580000, 0x00000000ff580000, 0x0000000100000000)
  eden space 420352K, 100% used [0x00000000d5580000,0x00000000ef000000,0x00000000ef000000)
  from space 134144K, 13% used [0x00000000f7280000,0x00000000f84c1a08,0x00000000ff580000)
  to   space 133632K, 0% used [0x00000000ef000000,0x00000000ef000000,0x00000000f7280000)
 ParOldGen       total 419328K, used 308758K [0x0000000080000000, 0x0000000099980000, 0x00000000d5580000)
  object space 419328K, 73% used [0x0000000080000000,0x0000000092d858a8,0x0000000099980000)
 Metaspace       used 125250K, capacity 135058K, committed 135384K, reserved 1167360K
  class space    used 15653K, capacity 17298K, committed 17408K, reserved 1048576K
Event: 25987.446 GC heap after
Heap after GC invocations=74 (full 5):
 PSYoungGen      total 553984K, used 6040K [0x00000000d5580000, 0x00000000ffb80000, 0x0000000100000000)
  eden space 420352K, 0% used [0x00000000d5580000,0x00000000d5580000,0x00000000ef000000)
  from space 133632K, 4% used [0x00000000ef000000,0x00000000ef5e6228,0x00000000f7280000)
  to   space 131584K, 0% used [0x00000000f7b00000,0x00000000f7b00000,0x00000000ffb80000)
 ParOldGen       total 419328K, used 323714K [0x0000000080000000, 0x0000000099980000, 0x00000000d5580000)
  object space 419328K, 77% used [0x0000000080000000,0x0000000093c20b40,0x0000000099980000)
 Metaspace       used 125250K, capacity 135058K, committed 135384K, reserved 1167360K
  class space    used 15653K, capacity 17298K, committed 17408K, reserved 1048576K
}
Event: 25988.551 GC heap before
{Heap before GC invocations=75 (full 5):
 PSYoungGen      total 553984K, used 426392K [0x00000000d5580000, 0x00000000ffb80000, 0x0000000100000000)
  eden space 420352K, 100% used [0x00000000d5580000,0x00000000ef000000,0x00000000ef000000)
  from space 133632K, 4% used [0x00000000ef000000,0x00000000ef5e6228,0x00000000f7280000)
  to   space 131584K, 0% used [0x00000000f7b00000,0x00000000f7b00000,0x00000000ffb80000)
 ParOldGen       total 419328K, used 323714K [0x0000000080000000, 0x0000000099980000, 0x00000000d5580000)
  object space 419328K, 77% used [0x0000000080000000,0x0000000093c20b40,0x0000000099980000)
 Metaspace       used 125276K, capacity 135092K, committed 135384K, reserved 1167360K
  class space    used 15659K, capacity 17305K, committed 17408K, reserved 1048576K
Event: 25988.585 GC heap after
Heap after GC invocations=75 (full 5):
 PSYoungGen      total 558592K, used 15970K [0x00000000d5580000, 0x00000000ff500000, 0x0000000100000000)
  eden space 433664K, 0% used [0x00000000d5580000,0x00000000d5580000,0x00000000efd00000)
  from space 124928K, 12% used [0x00000000f7b00000,0x00000000f8a98a00,0x00000000ff500000)
  to   space 126976K, 0% used [0x00000000efd00000,0x00000000efd00000,0x00000000f7900000)
 ParOldGen       total 419328K, used 327644K [0x0000000080000000, 0x0000000099980000, 0x00000000d5580000)
  object space 419328K, 78% used [0x0000000080000000,0x0000000093ff7190,0x0000000099980000)
 Metaspace       used 125276K, capacity 135092K, committed 135384K, reserved 1167360K
  class space    used 15659K, capacity 17305K, committed 17408K, reserved 1048576K
}
Event: 25990.222 GC heap before
{Heap before GC invocations=76 (full 5):
 PSYoungGen      total 558592K, used 449634K [0x00000000d5580000, 0x00000000ff500000, 0x0000000100000000)
  eden space 433664K, 100% used [0x00000000d5580000,0x00000000efd00000,0x00000000efd00000)
  from space 124928K, 12% used [0x00000000f7b00000,0x00000000f8a98a00,0x00000000ff500000)
  to   space 126976K, 0% used [0x00000000efd00000,0x00000000efd00000,0x00000000f7900000)
 ParOldGen       total 419328K, used 327644K [0x0000000080000000, 0x0000000099980000, 0x00000000d5580000)
  object space 419328K, 78% used [0x0000000080000000,0x0000000093ff7190,0x0000000099980000)
 Metaspace       used 125403K, capacity 135232K, committed 135384K, reserved 1167360K
  class space    used 15663K, capacity 17307K, committed 17408K, reserved 1048576K

